d:\msys64\home\malongfei\opencv\windows\code\src\xvideoeditor\x64\debug\vc140.pdb
d:\msys64\home\malongfei\opencv\windows\code\src\xvideoeditor\x64\debug\xvideowidget.obj
d:\msys64\home\malongfei\opencv\windows\code\src\xvideoeditor\x64\debug\xvideoui.obj
d:\msys64\home\malongfei\opencv\windows\code\src\xvideoeditor\x64\debug\xvideothread.obj
d:\msys64\home\malongfei\opencv\windows\code\src\xvideoeditor\x64\debug\main.obj
d:\msys64\home\malongfei\opencv\windows\code\src\xvideoeditor\x64\debug\moc_xvideowidget.obj
d:\msys64\home\malongfei\opencv\windows\code\src\xvideoeditor\x64\debug\moc_xvideoui.obj
d:\msys64\home\malongfei\opencv\windows\code\src\xvideoeditor\x64\debug\moc_xvideothread.obj
d:\msys64\home\malongfei\opencv\windows\code\src\xvideoeditor\x64\debug\qrc_xvideoui.obj
d:\msys64\home\malongfei\opencv\windows\code\src\xvideoeditor\generatedfiles\debug\moc_xvideowidget.cpp
d:\msys64\home\malongfei\opencv\windows\code\src\xvideoeditor\generatedfiles\qrc_xvideoui.cpp
d:\msys64\home\malongfei\opencv\windows\code\src\xvideoeditor\generatedfiles\debug\moc_xvideoui.cpp
d:\msys64\home\malongfei\opencv\windows\code\src\xvideoeditor\generatedfiles\debug\moc_xvideothread.cpp
d:\msys64\home\malongfei\opencv\windows\code\src\xvideoeditor\generatedfiles\ui_xvideoui.h
d:\msys64\home\malongfei\opencv\windows\code\bin\xvideoeditor.ilk
d:\msys64\home\malongfei\opencv\windows\code\bin\xvideoeditor.exe
d:\msys64\home\malongfei\opencv\windows\code\bin\xvideoeditor.pdb
d:\msys64\home\malongfei\opencv\windows\code\src\xvideoeditor\..\..\bin\xvideoeditor.exe
d:\msys64\home\malongfei\opencv\windows\code\src\xvideoeditor\x64\debug\xvideoeditor.tlog\cl.command.1.tlog
d:\msys64\home\malongfei\opencv\windows\code\src\xvideoeditor\x64\debug\xvideoeditor.tlog\cl.read.1.tlog
d:\msys64\home\malongfei\opencv\windows\code\src\xvideoeditor\x64\debug\xvideoeditor.tlog\cl.write.1.tlog
d:\msys64\home\malongfei\opencv\windows\code\src\xvideoeditor\x64\debug\xvideoeditor.tlog\custombuild.command.1.tlog
d:\msys64\home\malongfei\opencv\windows\code\src\xvideoeditor\x64\debug\xvideoeditor.tlog\custombuild.read.1.tlog
d:\msys64\home\malongfei\opencv\windows\code\src\xvideoeditor\x64\debug\xvideoeditor.tlog\custombuild.write.1.tlog
d:\msys64\home\malongfei\opencv\windows\code\src\xvideoeditor\x64\debug\xvideoeditor.tlog\link.command.1.tlog
d:\msys64\home\malongfei\opencv\windows\code\src\xvideoeditor\x64\debug\xvideoeditor.tlog\link.read.1.tlog
d:\msys64\home\malongfei\opencv\windows\code\src\xvideoeditor\x64\debug\xvideoeditor.tlog\link.write.1.tlog
